<?xml version="1.0" encoding="UTF-8"?>
<testng-results ignored="1" total="2" passed="1" failed="0" skipped="0">
  <reporter-output>
  </reporter-output>
  <suite started-at="2023-12-01T10:16:25 PST" name="Default suite" finished-at="2023-12-01T10:16:56 PST" duration-ms="30600">
    <groups>
    </groups>
    <test started-at="2023-12-01T10:16:25 PST" name="Default test" finished-at="2023-12-01T10:16:56 PST" duration-ms="30600">
      <class name="demoone.juice_pof">
        <test-method signature="login()[pri:0, instance:demoone.juice_pof@22c01ab0]" started-at="2023-12-01T10:16:25 PST" name="login" finished-at="2023-12-01T10:16:56 PST" duration-ms="30584" status="PASS">
          <reporter-output>
          </reporter-output>
        </test-method> <!-- login -->
      </class> <!-- demoone.juice_pof -->
    </test> <!-- Default test -->
  </suite> <!-- Default suite -->
</testng-results>
